<?xml version="1.0" encoding="UTF-8"?>
<!-- Generated by org.testng.reporters.JUnitReportReporter -->
<testsuite skipped="0" hostname="DESKTOP-FLTU6KU" name="demositesprac.Demoautomatregisterpage" tests="1" failures="0" timestamp="29 Apr 2020 14:52:28 GMT" time="40.726" errors="0">
  <testcase name="registerpageTest" time="40.726" classname="demositesprac.Demoautomatregisterpage"/>
</testsuite> <!-- demositesprac.Demoautomatregisterpage -->
